<?xml version="1.0" encoding="UTF-8"?>
<!-- Generated by org.testng.reporters.JUnitXMLReporter -->
<testsuite ignored="1" hostname="LAPTOP-6C34LHA8" failures="0" tests="1" name="Default test" time="5.331" errors="0" timestamp="2024-05-10T07:45:56 IST">
  <testcase classname="TestCases.DatePickersTest" name="Verify_dateSelection" time="0.968"/>
  <testcase classname="TestCases.DatePickersTest" name="verify_datePickers" time="0.0">
    <ignored/>
  </testcase> <!-- verify_datePickers -->
</testsuite> <!-- Default test -->
