<?xml version="1.0" encoding="UTF-8"?>
<testng-results ignored="0" total="1" passed="1" failed="0" skipped="0">
  <reporter-output>
  </reporter-output>
  <suite started-at="2024-05-10T07:45:50 IST" name="Default suite" finished-at="2024-05-10T07:45:56 IST" duration-ms="5331">
    <groups>
    </groups>
    <test started-at="2024-05-10T07:45:50 IST" name="Default test" finished-at="2024-05-10T07:45:56 IST" duration-ms="5331">
      <class name="TestCases.DatePickersTest">
        <test-method is-config="true" signature="BrowserLaunch()[pri:0, instance:TestCases.DatePickersTest@42a48628]" started-at="2024-05-10T07:45:50 IST" name="BrowserLaunch" finished-at="2024-05-10T07:45:55 IST" duration-ms="4291" status="PASS">
          <reporter-output>
          </reporter-output>
        </test-method> <!-- BrowserLaunch -->
        <test-method signature="Verify_dateSelection()[pri:0, instance:TestCases.DatePickersTest@42a48628]" started-at="2024-05-10T07:45:55 IST" name="Verify_dateSelection" finished-at="2024-05-10T07:45:56 IST" duration-ms="968" status="PASS">
          <reporter-output>
          </reporter-output>
        </test-method> <!-- Verify_dateSelection -->
      </class> <!-- TestCases.DatePickersTest -->
    </test> <!-- Default test -->
  </suite> <!-- Default suite -->
</testng-results>
